2023-10-09T00:05:14+00:00 CRITICAL Uncaught Error: Call to a member function is_empty() on null in /var/www/html/wp-content/themes/storepress/woocommerce/cart/mini-cart.php:24
Stack trace:
#0 /var/www/html/wp-includes/template.php(787): require()
#1 /var/www/html/wp-includes/template.php(720): load_template('/var/www/html/w...', false, Array)
#2 /var/www/html/wp-includes/general-template.php(206): locate_template(Array, true, false, Array)
#3 /var/www/html/wp-content/themes/storepress/inc/theme-functions.php(463): get_template_part('woocommerce/car...', 'cart')
#4 /var/www/html/wp-content/themes/storepress/template-parts/sections/section-header.php(44): storepress_header_cart()
#5 /var/www/html/wp-includes/template.php(787): require('/var/www/html/w...')
#6 /var/www/html/wp-includes/template.php(720): load_template('/var/www/html/w...', false, Array)
#7 /var/www/html/wp-includes/general-template.php(206): locate_template(Array, true, false, Array)
#8 /var/www/html/wp-content/themes/storepress/inc/template-tags.php(157): get_template_part('template-parts/...', 'header')
#9 /var/www/html/wp-includes/class-wp-hook.php(310): storepress_page_header('')
#10 /var/www/html/wp-includes/class-wp-hook.php(334): WP_Hook->apply_filters('', Array)
#11 /var/www/html/wp-includes/plugin.php(517): WP_Hook->do_action(Array)
#12 /var/www/html/wp-content/themes/storepress/header.php(20): do_action('storepress_page...')
#13 /var/www/html/wp-includes/template.php(785): require_once('/var/www/html/w...')
#14 /var/www/html/wp-includes/template.php(720): load_template('/var/www/html/w...', true, Array)
#15 /var/www/html/wp-includes/general-template.php(48): locate_template(Array, true, true, Array)
#16 /var/www/html/wp-content/themes/storepress/templates/template-frontpage.php(6): get_header()
#17 /var/www/html/wp-includes/template-loader.php(106): include('/var/www/html/w...')
#18 /var/www/html/wp-blog-header.php(19): require_once('/var/www/html/w...')
#19 /var/www/html/index.php(17): require('/var/www/html/w...')
#20 {main}
  thrown en /var/www/html/wp-content/themes/storepress/woocommerce/cart/mini-cart.php en la línea 24

2023-10-09T00:05:26+00:00 CRITICAL Uncaught Error: Call to a member function is_empty() on null in /var/www/html/wp-content/themes/storepress/woocommerce/cart/mini-cart.php:24
Stack trace:
#0 /var/www/html/wp-includes/template.php(787): require()
#1 /var/www/html/wp-includes/template.php(720): load_template('/var/www/html/w...', false, Array)
#2 /var/www/html/wp-includes/general-template.php(206): locate_template(Array, true, false, Array)
#3 /var/www/html/wp-content/themes/storepress/inc/theme-functions.php(463): get_template_part('woocommerce/car...', 'cart')
#4 /var/www/html/wp-content/themes/storepress/template-parts/sections/section-header.php(44): storepress_header_cart()
#5 /var/www/html/wp-includes/template.php(787): require('/var/www/html/w...')
#6 /var/www/html/wp-includes/template.php(720): load_template('/var/www/html/w...', false, Array)
#7 /var/www/html/wp-includes/general-template.php(206): locate_template(Array, true, false, Array)
#8 /var/www/html/wp-content/themes/storepress/inc/template-tags.php(157): get_template_part('template-parts/...', 'header')
#9 /var/www/html/wp-includes/class-wp-hook.php(310): storepress_page_header('')
#10 /var/www/html/wp-includes/class-wp-hook.php(334): WP_Hook->apply_filters('', Array)
#11 /var/www/html/wp-includes/plugin.php(517): WP_Hook->do_action(Array)
#12 /var/www/html/wp-content/themes/storepress/header.php(20): do_action('storepress_page...')
#13 /var/www/html/wp-includes/template.php(785): require_once('/var/www/html/w...')
#14 /var/www/html/wp-includes/template.php(720): load_template('/var/www/html/w...', true, Array)
#15 /var/www/html/wp-includes/general-template.php(48): locate_template(Array, true, true, Array)
#16 /var/www/html/wp-content/themes/storepress/templates/template-frontpage.php(6): get_header()
#17 /var/www/html/wp-includes/template-loader.php(106): include('/var/www/html/w...')
#18 /var/www/html/wp-blog-header.php(19): require_once('/var/www/html/w...')
#19 /var/www/html/index.php(17): require('/var/www/html/w...')
#20 {main}
  thrown en /var/www/html/wp-content/themes/storepress/woocommerce/cart/mini-cart.php en la línea 24

2023-10-09T00:05:29+00:00 CRITICAL Uncaught Error: Call to a member function is_empty() on null in /var/www/html/wp-content/themes/storepress/woocommerce/cart/mini-cart.php:24
Stack trace:
#0 /var/www/html/wp-includes/template.php(787): require()
#1 /var/www/html/wp-includes/template.php(720): load_template('/var/www/html/w...', false, Array)
#2 /var/www/html/wp-includes/general-template.php(206): locate_template(Array, true, false, Array)
#3 /var/www/html/wp-content/themes/storepress/inc/theme-functions.php(463): get_template_part('woocommerce/car...', 'cart')
#4 /var/www/html/wp-content/themes/storepress/template-parts/sections/section-header.php(44): storepress_header_cart()
#5 /var/www/html/wp-includes/template.php(787): require('/var/www/html/w...')
#6 /var/www/html/wp-includes/template.php(720): load_template('/var/www/html/w...', false, Array)
#7 /var/www/html/wp-includes/general-template.php(206): locate_template(Array, true, false, Array)
#8 /var/www/html/wp-content/themes/storepress/inc/template-tags.php(157): get_template_part('template-parts/...', 'header')
#9 /var/www/html/wp-includes/class-wp-hook.php(310): storepress_page_header('')
#10 /var/www/html/wp-includes/class-wp-hook.php(334): WP_Hook->apply_filters('', Array)
#11 /var/www/html/wp-includes/plugin.php(517): WP_Hook->do_action(Array)
#12 /var/www/html/wp-content/themes/storepress/header.php(20): do_action('storepress_page...')
#13 /var/www/html/wp-includes/template.php(785): require_once('/var/www/html/w...')
#14 /var/www/html/wp-includes/template.php(720): load_template('/var/www/html/w...', true, Array)
#15 /var/www/html/wp-includes/general-template.php(48): locate_template(Array, true, true, Array)
#16 /var/www/html/wp-content/themes/storepress/templates/template-frontpage.php(6): get_header()
#17 /var/www/html/wp-includes/template-loader.php(106): include('/var/www/html/w...')
#18 /var/www/html/wp-blog-header.php(19): require_once('/var/www/html/w...')
#19 /var/www/html/index.php(17): require('/var/www/html/w...')
#20 {main}
  thrown en /var/www/html/wp-content/themes/storepress/woocommerce/cart/mini-cart.php en la línea 24

2023-10-09T00:05:32+00:00 CRITICAL Uncaught Error: Call to a member function is_empty() on null in /var/www/html/wp-content/themes/storepress/woocommerce/cart/mini-cart.php:24
Stack trace:
#0 /var/www/html/wp-includes/template.php(787): require()
#1 /var/www/html/wp-includes/template.php(720): load_template('/var/www/html/w...', false, Array)
#2 /var/www/html/wp-includes/general-template.php(206): locate_template(Array, true, false, Array)
#3 /var/www/html/wp-content/themes/storepress/inc/theme-functions.php(463): get_template_part('woocommerce/car...', 'cart')
#4 /var/www/html/wp-content/themes/storepress/template-parts/sections/section-header.php(44): storepress_header_cart()
#5 /var/www/html/wp-includes/template.php(787): require('/var/www/html/w...')
#6 /var/www/html/wp-includes/template.php(720): load_template('/var/www/html/w...', false, Array)
#7 /var/www/html/wp-includes/general-template.php(206): locate_template(Array, true, false, Array)
#8 /var/www/html/wp-content/themes/storepress/inc/template-tags.php(157): get_template_part('template-parts/...', 'header')
#9 /var/www/html/wp-includes/class-wp-hook.php(310): storepress_page_header('')
#10 /var/www/html/wp-includes/class-wp-hook.php(334): WP_Hook->apply_filters('', Array)
#11 /var/www/html/wp-includes/plugin.php(517): WP_Hook->do_action(Array)
#12 /var/www/html/wp-content/themes/storepress/header.php(20): do_action('storepress_page...')
#13 /var/www/html/wp-includes/template.php(785): require_once('/var/www/html/w...')
#14 /var/www/html/wp-includes/template.php(720): load_template('/var/www/html/w...', true, Array)
#15 /var/www/html/wp-includes/general-template.php(48): locate_template(Array, true, true, Array)
#16 /var/www/html/wp-content/themes/storepress/templates/template-frontpage.php(6): get_header()
#17 /var/www/html/wp-includes/template-loader.php(106): include('/var/www/html/w...')
#18 /var/www/html/wp-blog-header.php(19): require_once('/var/www/html/w...')
#19 /var/www/html/index.php(17): require('/var/www/html/w...')
#20 {main}
  thrown en /var/www/html/wp-content/themes/storepress/woocommerce/cart/mini-cart.php en la línea 24

